2023-12-21 16:17:02,863 - INFO - 第【1】次仿真运行开始！
2023-12-21 16:17:47,300 - INFO - Current Time: 0.0s ~ 300.0s
2023-12-21 16:17:47,300 - INFO - Current States: [[31.229424357588357, 0.9722154095218524, 74.0], [25.87201684976968, 4.486418860983064, 85.0]]
2023-12-21 16:17:47,303 - INFO - Raw actions:[0.7637982, -0.8630486]
2023-12-21 16:17:47,304 - INFO - Actual Actions:[120  60]
2023-12-21 16:19:18,955 - INFO - Rewards: [ 17.54270585 -61.41613317]
2023-12-21 16:19:18,956 - INFO - Current Time: 300.0s ~ 600.0s
2023-12-21 16:19:18,957 - INFO - Current States: [[31.221886732633365, 1.1904261865080557, 73.0], [11.869939328998475, 9.138096768481196, 173.0]]
2023-12-21 16:19:18,958 - INFO - Raw actions:[0.77839226, -0.76541865]
2023-12-21 16:19:18,958 - INFO - Actual Actions:[120  60]
2023-12-21 16:20:54,374 - INFO - Rewards: [  16.922823   -115.76403603]
2023-12-21 16:20:54,375 - INFO - Current Time: 600.0s ~ 900.0s
2023-12-21 16:20:54,375 - INFO - Current States: [[31.054030201614278, 1.7095951237870648, 76.0], [7.918987281914068, 8.915428401477973, 231.0]]
2023-12-21 16:20:54,376 - INFO - Raw actions:[0.85607284, -0.46905193]
2023-12-21 16:20:54,376 - INFO - Actual Actions:[120  70]
2023-12-21 16:23:00,402 - INFO - Rewards: [  17.08721505 -145.69460565]
2023-12-21 16:23:00,402 - INFO - Current Time: 900.0s ~ 1200.0s
2023-12-21 16:23:00,402 - INFO - Current States: [[30.87327696609881, 1.4367511280327478, 78.0], [6.970945235773933, 8.277172794380595, 282.0]]
2023-12-21 16:23:00,403 - INFO - Raw actions:[0.755614, -0.65543896]
2023-12-21 16:23:00,404 - INFO - Actual Actions:[120  70]
2023-12-21 16:25:31,435 - INFO - Rewards: [ -24.39957036 -160.58988775]
2023-12-21 16:25:31,435 - INFO - Current Time: 1200.0s ~ 1500.0s
2023-12-21 16:25:31,435 - INFO - Current States: [[20.827340337654526, 12.895974564074617, 114.0], [6.5575578130711, 7.924422434097385, 303.0]]
2023-12-21 16:25:31,437 - INFO - Raw actions:[0.5910499, -0.5922826]
2023-12-21 16:25:31,437 - INFO - Actual Actions:[110  70]
2023-12-21 16:26:53,779 - INFO - 第【1】次仿真运行开始！
2023-12-21 16:28:01,668 - INFO - Current Time: 0.0s ~ 300.0s
2023-12-21 16:28:01,669 - INFO - Current States: [[31.229424357588357, 0.9722154095218524, 74.0], [26.847180222559736, 3.644222295191367, 87.0]]
2023-12-21 16:28:01,672 - INFO - Raw actions:[0.6554306, 0.7681781]
2023-12-21 16:28:01,673 - INFO - Actual Actions:[110 120]
2023-12-21 16:29:46,901 - INFO - Rewards: [16.10813319  5.89883281]
2023-12-21 16:29:46,901 - INFO - Current Time: 300.0s ~ 600.0s
2023-12-21 16:29:46,902 - INFO - Current States: [[28.561344741797665, 1.0286736515364927, 79.0], [24.70452661103559, 5.323883157615245, 104.0]]
2023-12-21 16:29:46,903 - INFO - Raw actions:[0.8673207, 0.866163]
2023-12-21 16:29:46,903 - INFO - Actual Actions:[120 120]
2023-12-21 16:30:02,276 - INFO - 第【1】次仿真运行结束！当前已经用时为188.9秒\n
2023-12-21 16:30:02,276 - INFO - all_epoch_rewards: [[16.108133193542105], [5.898832809006107]]
2023-12-21 16:30:02,342 - INFO - 第【2】次仿真运行开始！
