gpTessPlugin is not null
{
    "__custsimubysteps": false,
    "__dbdriver": null,
    "__language": null,
    "__netfilepath": "./GuoHe20230328.tess",
    "__simuafterload": true,
    "__workspace": "C:\\Users\\win10\\Desktop\\动态车道管理_蔡依林\\动态车道管理-20230405",
    "__writesimuresult": true
}
__simuafterload:true
gpTessPlugin is not null
{
    "__custsimubysteps": false,
    "__dbdriver": null,
    "__language": null,
    "__netfilepath": "./GuoHe20230328.tess",
    "__simuafterload": true,
    "__workspace": "C:\\Users\\win10\\Desktop\\动态车道管理_蔡依林\\动态车道管理-20230405",
    "__writesimuresult": true
}
__simuafterload:true
gpTessPlugin is not null
{
    "__custsimubysteps": false,
    "__dbdriver": null,
    "__language": null,
    "__netfilepath": "./GuoHe20230328.tess",
    "__simuafterload": true,
    "__workspace": "C:\\Users\\win10\\Desktop\\动态车道管理_蔡依林\\动态车道管理-20230405",
    "__writesimuresult": true
}
__simuafterload:true
