gpTessPlugin is not null
{
    "__custsimubysteps": false,
    "__dbdriver": null,
    "__language": null,
    "__netfilepath": "./GuoHe20230328.tess",
    "__simuafterload": false,
    "__workspace": "C:\\Users\\ZDH\\OneDrive - tongji.edu.cn\\TESS教材\\动态车道管理_蔡依林\\动态车道管理_蔡依林\\动态车道管理-20230405",
    "__writesimuresult": true
}
__simuafterload:false
gpTessPlugin is not null
{
    "__custsimubysteps": false,
    "__dbdriver": null,
    "__language": null,
    "__netfilepath": "./GuoHe20230328.tess",
    "__simuafterload": false,
    "__workspace": "C:\\Users\\ZDH\\OneDrive - tongji.edu.cn\\TESS教材\\动态车道管理_蔡依林\\动态车道管理_蔡依林\\动态车道管理-20230405",
    "__writesimuresult": true
}
__simuafterload:false
gpTessPlugin is not null
{
    "__custsimubysteps": false,
    "__dbdriver": null,
    "__language": null,
    "__netfilepath": "./GuoHe20230328.tess",
    "__simuafterload": false,
    "__workspace": "C:\\Users\\ZDH\\OneDrive - tongji.edu.cn\\TESS教材\\动态车道管理_蔡依林\\动态车道管理_蔡依林\\动态车道管理-20230405",
    "__writesimuresult": true
}
__simuafterload:false
gpTessPlugin is not null
{
    "__custsimubysteps": false,
    "__dbdriver": null,
    "__language": null,
    "__netfilepath": "./GuoHe20230328.tess",
    "__simuafterload": false,
    "__workspace": "C:\\Users\\ZDH\\OneDrive - tongji.edu.cn\\TESS教材\\动态车道管理_蔡依林\\动态车道管理_蔡依林\\动态车道管理-20230405",
    "__writesimuresult": true
}
__simuafterload:false
gpTessPlugin is not null
{
    "__custsimubysteps": false,
    "__dbdriver": null,
    "__language": null,
    "__netfilepath": "./GuoHe20230328.tess",
    "__simuafterload": false,
    "__workspace": "C:\\Users\\ZDH\\OneDrive - tongji.edu.cn\\TESS教材\\动态车道管理_蔡依林\\动态车道管理_蔡依林\\动态车道管理-20230405",
    "__writesimuresult": true
}
__simuafterload:false
gpTessPlugin is not null
{
    "__custsimubysteps": false,
    "__dbdriver": null,
    "__language": null,
    "__netfilepath": "./GuoHe20230328.tess",
    "__simuafterload": false,
    "__workspace": "C:\\Users\\ZDH\\OneDrive - tongji.edu.cn\\TESS教材\\动态车道管理_蔡依林\\动态车道管理_蔡依林\\动态车道管理-20230405",
    "__writesimuresult": true
}
__simuafterload:false
